2025/04/28 16:39:30 [notice] 1#1: using the "epoll" event method
2025/04/28 16:39:30 [notice] 1#1: nginx/1.27.5
2025/04/28 16:39:30 [notice] 1#1: built by gcc 12.2.0 (Debian 12.2.0-14) 
2025/04/28 16:39:30 [notice] 1#1: OS: Linux 5.15.167.4-microsoft-standard-WSL2
2025/04/28 16:39:30 [notice] 1#1: getrlimit(RLIMIT_NOFILE): 1048576:1048576
2025/04/28 16:39:30 [notice] 1#1: start worker processes
2025/04/28 16:39:30 [notice] 1#1: start worker process 32
2025/04/28 16:39:30 [notice] 1#1: start worker process 33
2025/04/28 16:39:30 [notice] 1#1: start worker process 34
2025/04/28 16:39:30 [notice] 1#1: start worker process 35
2025/04/28 16:39:30 [notice] 1#1: start worker process 36
2025/04/28 16:39:30 [notice] 1#1: start worker process 37
2025/04/28 16:39:30 [notice] 1#1: start worker process 38
2025/04/28 16:39:30 [notice] 1#1: start worker process 39
2025/04/28 16:42:52 [error] 32#32: *1 "/usr/share/nginx/html/doc/index.html" is not found (2: No such file or directory), client: 172.19.0.1, server: localhost, request: "GET /doc/ HTTP/1.1", host: "localhost"
2025/04/28 16:42:52 [error] 32#32: *1 "/usr/share/nginx/html/doc/index.html" is not found (2: No such file or directory), client: 172.19.0.1, server: localhost, request: "GET /doc/ HTTP/1.1", host: "localhost"
2025/04/28 16:42:53 [error] 32#32: *1 open() "/usr/share/nginx/html/favicon.ico" failed (2: No such file or directory), client: 172.19.0.1, server: localhost, request: "GET /favicon.ico HTTP/1.1", host: "localhost", referrer: "http://localhost/doc/"
2025/04/28 16:43:19 [notice] 1#1: signal 3 (SIGQUIT) received, shutting down
2025/04/28 16:43:19 [notice] 32#32: gracefully shutting down
2025/04/28 16:43:19 [notice] 33#33: gracefully shutting down
2025/04/28 16:43:19 [notice] 35#35: gracefully shutting down
2025/04/28 16:43:19 [notice] 35#35: exiting
2025/04/28 16:43:19 [notice] 34#34: gracefully shutting down
2025/04/28 16:43:19 [notice] 37#37: gracefully shutting down
2025/04/28 16:43:19 [notice] 36#36: gracefully shutting down
2025/04/28 16:43:19 [notice] 38#38: gracefully shutting down
2025/04/28 16:43:19 [notice] 39#39: gracefully shutting down
2025/04/28 16:43:19 [notice] 32#32: exiting
2025/04/28 16:43:19 [notice] 32#32: exit
2025/04/28 16:43:19 [notice] 35#35: exit
2025/04/28 16:43:19 [notice] 34#34: exiting
2025/04/28 16:43:19 [notice] 37#37: exiting
2025/04/28 16:43:19 [notice] 36#36: exiting
2025/04/28 16:43:19 [notice] 38#38: exiting
2025/04/28 16:43:19 [notice] 39#39: exiting
2025/04/28 16:43:19 [notice] 34#34: exit
2025/04/28 16:43:19 [notice] 37#37: exit
2025/04/28 16:43:19 [notice] 36#36: exit
2025/04/28 16:43:19 [notice] 38#38: exit
2025/04/28 16:43:19 [notice] 39#39: exit
2025/04/28 16:43:19 [notice] 1#1: signal 17 (SIGCHLD) received from 36
2025/04/28 16:43:19 [notice] 1#1: worker process 36 exited with code 0
2025/04/28 16:43:19 [notice] 1#1: signal 29 (SIGIO) received
2025/04/28 16:43:19 [notice] 1#1: signal 17 (SIGCHLD) received from 32
2025/04/28 16:43:19 [notice] 1#1: worker process 32 exited with code 0
2025/04/28 16:43:19 [notice] 1#1: worker process 34 exited with code 0
2025/04/28 16:43:19 [notice] 1#1: worker process 35 exited with code 0
2025/04/28 16:43:19 [notice] 1#1: worker process 38 exited with code 0
2025/04/28 16:43:19 [notice] 1#1: signal 29 (SIGIO) received
2025/04/28 16:43:19 [notice] 1#1: signal 17 (SIGCHLD) received from 38
2025/04/28 16:43:19 [notice] 1#1: signal 17 (SIGCHLD) received from 39
2025/04/28 16:43:19 [notice] 1#1: worker process 39 exited with code 0
2025/04/28 16:43:19 [notice] 1#1: signal 29 (SIGIO) received
2025/04/28 16:43:19 [notice] 1#1: signal 17 (SIGCHLD) received from 37
2025/04/28 16:43:19 [notice] 1#1: worker process 37 exited with code 0
2025/04/28 16:43:19 [notice] 1#1: signal 29 (SIGIO) received
2025/04/28 16:47:04 [notice] 1#1: using the "epoll" event method
2025/04/28 16:47:04 [notice] 1#1: nginx/1.27.5
2025/04/28 16:47:04 [notice] 1#1: built by gcc 12.2.0 (Debian 12.2.0-14) 
2025/04/28 16:47:04 [notice] 1#1: OS: Linux 5.15.167.4-microsoft-standard-WSL2
2025/04/28 16:47:04 [notice] 1#1: getrlimit(RLIMIT_NOFILE): 1048576:1048576
2025/04/28 16:47:04 [notice] 1#1: start worker processes
2025/04/28 16:47:04 [notice] 1#1: start worker process 25
2025/04/28 16:47:04 [notice] 1#1: start worker process 26
2025/04/28 16:47:04 [notice] 1#1: start worker process 27
2025/04/28 16:47:04 [notice] 1#1: start worker process 28
2025/04/28 16:47:04 [notice] 1#1: start worker process 29
2025/04/28 16:47:04 [notice] 1#1: start worker process 30
2025/04/28 16:47:04 [notice] 1#1: start worker process 31
2025/04/28 16:47:04 [notice] 1#1: start worker process 32
2025/04/28 16:47:17 [error] 27#27: *1 "/usr/share/nginx/html/doc/index.html" is not found (2: No such file or directory), client: 172.19.0.1, server: localhost, request: "GET /doc/ HTTP/1.1", host: "localhost"
2025/04/28 16:47:20 [error] 27#27: *1 "/usr/share/nginx/html/doc/index.html" is not found (2: No such file or directory), client: 172.19.0.1, server: localhost, request: "GET /doc/ HTTP/1.1", host: "localhost"
2025/04/28 16:54:44 [notice] 1#1: signal 3 (SIGQUIT) received, shutting down
2025/04/28 16:54:44 [notice] 25#25: gracefully shutting down
2025/04/28 16:54:44 [notice] 27#27: gracefully shutting down
2025/04/28 16:54:44 [notice] 28#28: gracefully shutting down
2025/04/28 16:54:44 [notice] 26#26: gracefully shutting down
2025/04/28 16:54:44 [notice] 29#29: gracefully shutting down
2025/04/28 16:54:44 [notice] 31#31: gracefully shutting down
2025/04/28 16:54:44 [notice] 32#32: gracefully shutting down
2025/04/28 16:54:44 [notice] 30#30: gracefully shutting down
2025/04/28 16:54:44 [notice] 25#25: exiting
2025/04/28 16:54:44 [notice] 27#27: exiting
2025/04/28 16:54:44 [notice] 28#28: exiting
2025/04/28 16:54:44 [notice] 26#26: exiting
2025/04/28 16:54:44 [notice] 29#29: exiting
2025/04/28 16:54:44 [notice] 31#31: exiting
2025/04/28 16:54:44 [notice] 32#32: exiting
2025/04/28 16:54:44 [notice] 30#30: exiting
2025/04/28 16:54:44 [notice] 25#25: exit
2025/04/28 16:54:44 [notice] 27#27: exit
2025/04/28 16:54:44 [notice] 28#28: exit
2025/04/28 16:54:44 [notice] 26#26: exit
2025/04/28 16:54:44 [notice] 29#29: exit
2025/04/28 16:54:44 [notice] 31#31: exit
2025/04/28 16:54:44 [notice] 32#32: exit
2025/04/28 16:54:44 [notice] 30#30: exit
2025/04/28 16:54:44 [notice] 1#1: signal 17 (SIGCHLD) received from 27
2025/04/28 16:54:44 [notice] 1#1: worker process 26 exited with code 0
2025/04/28 16:54:44 [notice] 1#1: worker process 27 exited with code 0
2025/04/28 16:54:44 [notice] 1#1: worker process 30 exited with code 0
2025/04/28 16:54:44 [notice] 1#1: worker process 31 exited with code 0
2025/04/28 16:54:44 [notice] 1#1: signal 29 (SIGIO) received
2025/04/28 16:54:44 [notice] 1#1: signal 17 (SIGCHLD) received from 26
2025/04/28 16:54:44 [notice] 1#1: signal 17 (SIGCHLD) received from 25
2025/04/28 16:54:44 [notice] 1#1: worker process 25 exited with code 0
2025/04/28 16:54:44 [notice] 1#1: worker process 32 exited with code 0
2025/04/28 16:54:44 [notice] 1#1: signal 29 (SIGIO) received
2025/04/28 16:54:44 [notice] 1#1: signal 17 (SIGCHLD) received from 29
2025/04/28 16:54:44 [notice] 1#1: worker process 29 exited with code 0
2025/04/28 16:54:44 [notice] 1#1: signal 29 (SIGIO) received
2025/04/28 16:54:44 [notice] 1#1: signal 17 (SIGCHLD) received from 28
2025/04/28 16:54:44 [notice] 1#1: worker process 28 exited with code 0
2025/04/28 16:54:44 [notice] 1#1: exit
2025/04/28 16:55:08 [notice] 1#1: using the "epoll" event method
2025/04/28 16:55:08 [notice] 1#1: nginx/1.27.5
2025/04/28 16:55:08 [notice] 1#1: built by gcc 12.2.0 (Debian 12.2.0-14) 
2025/04/28 16:55:08 [notice] 1#1: OS: Linux 5.15.167.4-microsoft-standard-WSL2
2025/04/28 16:55:08 [notice] 1#1: getrlimit(RLIMIT_NOFILE): 1048576:1048576
2025/04/28 16:55:08 [notice] 1#1: start worker processes
2025/04/28 16:55:08 [notice] 1#1: start worker process 25
2025/04/28 16:55:08 [notice] 1#1: start worker process 26
2025/04/28 16:55:08 [notice] 1#1: start worker process 27
2025/04/28 16:55:08 [notice] 1#1: start worker process 28
2025/04/28 16:55:08 [notice] 1#1: start worker process 29
2025/04/28 16:55:08 [notice] 1#1: start worker process 30
2025/04/28 16:55:08 [notice] 1#1: start worker process 31
2025/04/28 16:55:08 [notice] 1#1: start worker process 32
2025/04/28 16:56:58 [error] 25#25: *1 "/usr/share/nginx/html/doc/index.html" is not found (2: No such file or directory), client: 172.19.0.1, server: localhost, request: "GET /doc/ HTTP/1.1", host: "localhost"
2025/04/28 16:56:58 [error] 25#25: *1 "/usr/share/nginx/html/doc/index.html" is not found (2: No such file or directory), client: 172.19.0.1, server: localhost, request: "GET /doc/ HTTP/1.1", host: "localhost"
2025/04/28 16:58:09 [notice] 1#1: signal 3 (SIGQUIT) received, shutting down
2025/04/28 16:58:09 [notice] 25#25: gracefully shutting down
2025/04/28 16:58:09 [notice] 26#26: gracefully shutting down
2025/04/28 16:58:09 [notice] 27#27: gracefully shutting down
2025/04/28 16:58:09 [notice] 28#28: gracefully shutting down
2025/04/28 16:58:09 [notice] 31#31: gracefully shutting down
2025/04/28 16:58:09 [notice] 30#30: gracefully shutting down
2025/04/28 16:58:09 [notice] 32#32: gracefully shutting down
2025/04/28 16:58:09 [notice] 29#29: gracefully shutting down
2025/04/28 16:58:09 [notice] 25#25: exiting
2025/04/28 16:58:09 [notice] 26#26: exiting
2025/04/28 16:58:09 [notice] 27#27: exiting
2025/04/28 16:58:09 [notice] 28#28: exiting
2025/04/28 16:58:09 [notice] 31#31: exiting
2025/04/28 16:58:09 [notice] 30#30: exiting
2025/04/28 16:58:09 [notice] 32#32: exiting
2025/04/28 16:58:09 [notice] 29#29: exiting
2025/04/28 16:58:09 [notice] 25#25: exit
2025/04/28 16:58:09 [notice] 26#26: exit
2025/04/28 16:58:09 [notice] 27#27: exit
2025/04/28 16:58:09 [notice] 28#28: exit
2025/04/28 16:58:09 [notice] 31#31: exit
2025/04/28 16:58:09 [notice] 30#30: exit
2025/04/28 16:58:09 [notice] 32#32: exit
2025/04/28 16:58:09 [notice] 29#29: exit
2025/04/28 16:58:09 [notice] 1#1: signal 17 (SIGCHLD) received from 30
2025/04/28 16:58:09 [notice] 1#1: worker process 26 exited with code 0
2025/04/28 16:58:09 [notice] 1#1: worker process 27 exited with code 0
2025/04/28 16:58:09 [notice] 1#1: worker process 28 exited with code 0
2025/04/28 16:58:09 [notice] 1#1: worker process 29 exited with code 0
2025/04/28 16:58:09 [notice] 1#1: worker process 30 exited with code 0
2025/04/28 16:58:09 [notice] 1#1: worker process 32 exited with code 0
2025/04/28 16:58:09 [notice] 1#1: signal 29 (SIGIO) received
2025/04/28 16:58:09 [notice] 1#1: signal 17 (SIGCHLD) received from 31
2025/04/28 16:58:09 [notice] 1#1: worker process 31 exited with code 0
2025/04/28 16:58:09 [notice] 1#1: signal 29 (SIGIO) received
2025/04/28 16:58:09 [notice] 1#1: signal 17 (SIGCHLD) received from 25
2025/04/28 16:58:09 [notice] 1#1: worker process 25 exited with code 0
2025/04/28 16:58:09 [notice] 1#1: exit
2025/04/28 16:58:34 [notice] 1#1: using the "epoll" event method
2025/04/28 16:58:34 [notice] 1#1: nginx/1.27.5
2025/04/28 16:58:34 [notice] 1#1: built by gcc 12.2.0 (Debian 12.2.0-14) 
2025/04/28 16:58:34 [notice] 1#1: OS: Linux 5.15.167.4-microsoft-standard-WSL2
2025/04/28 16:58:34 [notice] 1#1: getrlimit(RLIMIT_NOFILE): 1048576:1048576
2025/04/28 16:58:34 [notice] 1#1: start worker processes
2025/04/28 16:58:34 [notice] 1#1: start worker process 25
2025/04/28 16:58:34 [notice] 1#1: start worker process 26
2025/04/28 16:58:34 [notice] 1#1: start worker process 27
2025/04/28 16:58:34 [notice] 1#1: start worker process 28
2025/04/28 16:58:34 [notice] 1#1: start worker process 29
2025/04/28 16:58:34 [notice] 1#1: start worker process 30
2025/04/28 16:58:34 [notice] 1#1: start worker process 31
2025/04/28 16:58:34 [notice] 1#1: start worker process 32
2025/04/28 16:59:24 [error] 25#25: *1 "/usr/share/nginx/html/doc/index.html" is not found (2: No such file or directory), client: 172.19.0.1, server: localhost, request: "GET /doc/ HTTP/1.1", host: "localhost"
2025/04/28 17:05:12 [notice] 1#1: signal 3 (SIGQUIT) received, shutting down
2025/04/28 17:05:12 [notice] 29#29: gracefully shutting down
2025/04/28 17:05:12 [notice] 27#27: gracefully shutting down
2025/04/28 17:05:12 [notice] 30#30: gracefully shutting down
2025/04/28 17:05:12 [notice] 25#25: gracefully shutting down
2025/04/28 17:05:12 [notice] 31#31: gracefully shutting down
2025/04/28 17:05:12 [notice] 32#32: gracefully shutting down
2025/04/28 17:05:12 [notice] 28#28: gracefully shutting down
2025/04/28 17:05:12 [notice] 26#26: gracefully shutting down
2025/04/28 17:05:12 [notice] 29#29: exiting
2025/04/28 17:05:12 [notice] 27#27: exiting
2025/04/28 17:05:12 [notice] 30#30: exiting
2025/04/28 17:05:12 [notice] 25#25: exiting
2025/04/28 17:05:12 [notice] 31#31: exiting
2025/04/28 17:05:12 [notice] 32#32: exiting
2025/04/28 17:05:12 [notice] 28#28: exiting
2025/04/28 17:05:12 [notice] 26#26: exiting
2025/04/28 17:05:12 [notice] 29#29: exit
2025/04/28 17:05:12 [notice] 26#26: exit
2025/04/28 17:05:12 [notice] 27#27: exit
2025/04/28 17:05:12 [notice] 30#30: exit
2025/04/28 17:05:12 [notice] 25#25: exit
2025/04/28 17:05:12 [notice] 31#31: exit
2025/04/28 17:05:12 [notice] 32#32: exit
2025/04/28 17:05:12 [notice] 28#28: exit
2025/04/28 17:05:12 [notice] 1#1: signal 17 (SIGCHLD) received from 30
2025/04/28 17:05:12 [notice] 1#1: worker process 25 exited with code 0
2025/04/28 17:05:12 [notice] 1#1: worker process 26 exited with code 0
2025/04/28 17:05:12 [notice] 1#1: worker process 28 exited with code 0
2025/04/28 17:05:12 [notice] 1#1: worker process 30 exited with code 0
2025/04/28 17:05:12 [notice] 1#1: worker process 31 exited with code 0
2025/04/28 17:05:12 [notice] 1#1: worker process 32 exited with code 0
2025/04/28 17:05:12 [notice] 1#1: signal 29 (SIGIO) received
2025/04/28 17:05:12 [notice] 1#1: signal 17 (SIGCHLD) received from 29
2025/04/28 17:05:12 [notice] 1#1: worker process 27 exited with code 0
2025/04/28 17:05:12 [notice] 1#1: worker process 29 exited with code 0
2025/04/28 17:05:12 [notice] 1#1: exit
2025/04/28 17:05:32 [emerg] 1#1: unknown "nginx__proxy" variable
2025/04/28 17:05:32 [emerg] 1#1: unknown "nginx__proxy" variable
2025/04/28 17:05:33 [emerg] 1#1: unknown "nginx__proxy" variable
2025/04/28 17:05:34 [emerg] 1#1: unknown "nginx__proxy" variable
2025/04/28 17:05:35 [emerg] 1#1: unknown "nginx__proxy" variable
2025/04/28 17:05:37 [emerg] 1#1: unknown "nginx__proxy" variable
2025/04/28 17:05:41 [emerg] 1#1: unknown "nginx__proxy" variable
2025/04/28 17:05:48 [emerg] 1#1: unknown "nginx__proxy" variable
2025/04/28 17:06:01 [emerg] 1#1: unknown "nginx__proxy" variable
2025/04/28 17:06:27 [emerg] 1#1: unknown "nginx__proxy" variable
2025/04/28 17:07:31 [emerg] 1#1: unknown "nginx__proxy" variable
2025/04/28 17:07:32 [emerg] 1#1: unknown "nginx__proxy" variable
2025/04/28 17:07:33 [emerg] 1#1: unknown "nginx__proxy" variable
2025/04/28 17:07:34 [emerg] 1#1: unknown "nginx__proxy" variable
2025/04/28 17:07:35 [emerg] 1#1: unknown "nginx__proxy" variable
2025/04/28 17:07:37 [emerg] 1#1: unknown "nginx__proxy" variable
2025/04/28 17:07:40 [emerg] 1#1: unknown "nginx__proxy" variable
2025/04/28 17:07:47 [emerg] 1#1: unknown "nginx__proxy" variable
2025/04/28 17:08:00 [emerg] 1#1: unknown "nginx__proxy" variable
2025/04/28 17:08:26 [emerg] 1#1: unknown "nginx__proxy" variable
2025/04/28 17:09:17 [emerg] 1#1: unknown "nginx__proxy" variable
2025/04/28 17:17:22 [notice] 1#1: using the "epoll" event method
2025/04/28 17:17:22 [notice] 1#1: nginx/1.27.5
2025/04/28 17:17:22 [notice] 1#1: built by gcc 12.2.0 (Debian 12.2.0-14) 
2025/04/28 17:17:22 [notice] 1#1: OS: Linux 5.15.167.4-microsoft-standard-WSL2
2025/04/28 17:17:22 [notice] 1#1: getrlimit(RLIMIT_NOFILE): 1048576:1048576
2025/04/28 17:17:22 [notice] 1#1: start worker processes
2025/04/28 17:17:22 [notice] 1#1: start worker process 38
2025/04/28 17:17:22 [notice] 1#1: start worker process 39
2025/04/28 17:17:22 [notice] 1#1: start worker process 40
2025/04/28 17:17:22 [notice] 1#1: start worker process 41
2025/04/28 17:17:22 [notice] 1#1: start worker process 42
2025/04/28 17:17:22 [notice] 1#1: start worker process 43
2025/04/28 17:17:22 [notice] 1#1: start worker process 44
2025/04/28 17:17:22 [notice] 1#1: start worker process 45
2025/04/28 17:18:49 [notice] 1#1: signal 3 (SIGQUIT) received, shutting down
2025/04/28 17:18:49 [notice] 39#39: gracefully shutting down
2025/04/28 17:18:49 [notice] 38#38: gracefully shutting down
2025/04/28 17:18:49 [notice] 41#41: gracefully shutting down
2025/04/28 17:18:49 [notice] 44#44: gracefully shutting down
2025/04/28 17:18:49 [notice] 40#40: gracefully shutting down
2025/04/28 17:18:49 [notice] 42#42: gracefully shutting down
2025/04/28 17:18:49 [notice] 43#43: gracefully shutting down
2025/04/28 17:18:49 [notice] 45#45: gracefully shutting down
2025/04/28 17:18:49 [notice] 38#38: exiting
2025/04/28 17:18:49 [notice] 39#39: exiting
2025/04/28 17:18:49 [notice] 41#41: exiting
2025/04/28 17:18:49 [notice] 44#44: exiting
2025/04/28 17:18:49 [notice] 40#40: exiting
2025/04/28 17:18:49 [notice] 42#42: exiting
2025/04/28 17:18:49 [notice] 43#43: exiting
2025/04/28 17:18:49 [notice] 45#45: exiting
2025/04/28 17:18:49 [notice] 38#38: exit
2025/04/28 17:18:49 [notice] 39#39: exit
2025/04/28 17:18:49 [notice] 41#41: exit
2025/04/28 17:18:49 [notice] 44#44: exit
2025/04/28 17:18:49 [notice] 40#40: exit
2025/04/28 17:18:49 [notice] 42#42: exit
2025/04/28 17:18:49 [notice] 43#43: exit
2025/04/28 17:18:49 [notice] 45#45: exit
2025/04/28 17:18:49 [notice] 1#1: signal 17 (SIGCHLD) received from 41
2025/04/28 17:18:49 [notice] 1#1: worker process 41 exited with code 0
2025/04/28 17:18:49 [notice] 1#1: signal 29 (SIGIO) received
2025/04/28 17:18:49 [notice] 1#1: signal 17 (SIGCHLD) received from 43
2025/04/28 17:18:49 [notice] 1#1: worker process 43 exited with code 0
2025/04/28 17:18:49 [notice] 1#1: signal 29 (SIGIO) received
2025/04/28 17:18:49 [notice] 1#1: signal 17 (SIGCHLD) received from 38
2025/04/28 17:18:49 [notice] 1#1: worker process 38 exited with code 0
2025/04/28 17:18:49 [notice] 1#1: worker process 40 exited with code 0
2025/04/28 17:18:49 [notice] 1#1: worker process 44 exited with code 0
2025/04/28 17:18:49 [notice] 1#1: signal 29 (SIGIO) received
2025/04/28 17:18:49 [notice] 1#1: signal 17 (SIGCHLD) received from 45
2025/04/28 17:18:49 [notice] 1#1: worker process 42 exited with code 0
2025/04/28 17:18:49 [notice] 1#1: worker process 45 exited with code 0
2025/04/28 17:18:49 [notice] 1#1: signal 29 (SIGIO) received
2025/04/28 17:18:49 [notice] 1#1: signal 17 (SIGCHLD) received from 39
2025/04/28 17:18:49 [notice] 1#1: worker process 39 exited with code 0
2025/04/28 17:18:49 [notice] 1#1: exit
2025/04/28 17:37:08 [notice] 1#1: using the "epoll" event method
2025/04/28 17:37:08 [notice] 1#1: nginx/1.27.5
2025/04/28 17:37:08 [notice] 1#1: built by gcc 12.2.0 (Debian 12.2.0-14) 
2025/04/28 17:37:08 [notice] 1#1: OS: Linux 5.15.167.4-microsoft-standard-WSL2
2025/04/28 17:37:08 [notice] 1#1: getrlimit(RLIMIT_NOFILE): 1048576:1048576
2025/04/28 17:37:08 [notice] 1#1: start worker processes
2025/04/28 17:37:08 [notice] 1#1: start worker process 38
2025/04/28 17:37:08 [notice] 1#1: start worker process 39
2025/04/28 17:37:08 [notice] 1#1: start worker process 40
2025/04/28 17:37:08 [notice] 1#1: start worker process 41
2025/04/28 17:37:08 [notice] 1#1: start worker process 42
2025/04/28 17:37:08 [notice] 1#1: start worker process 43
2025/04/28 17:37:08 [notice] 1#1: start worker process 44
2025/04/28 17:37:08 [notice] 1#1: start worker process 45
2025/04/28 17:43:12 [notice] 1#1: signal 3 (SIGQUIT) received, shutting down
2025/04/28 17:43:12 [notice] 41#41: gracefully shutting down
2025/04/28 17:43:12 [notice] 40#40: gracefully shutting down
2025/04/28 17:43:12 [notice] 39#39: gracefully shutting down
2025/04/28 17:43:12 [notice] 39#39: exiting
2025/04/28 17:43:12 [notice] 42#42: gracefully shutting down
2025/04/28 17:43:12 [notice] 38#38: gracefully shutting down
2025/04/28 17:43:12 [notice] 44#44: gracefully shutting down
2025/04/28 17:43:12 [notice] 45#45: gracefully shutting down
2025/04/28 17:43:12 [notice] 43#43: gracefully shutting down
2025/04/28 17:43:12 [notice] 41#41: exiting
2025/04/28 17:43:12 [notice] 40#40: exiting
2025/04/28 17:43:12 [notice] 39#39: exit
2025/04/28 17:43:12 [notice] 42#42: exiting
2025/04/28 17:43:12 [notice] 38#38: exiting
2025/04/28 17:43:12 [notice] 44#44: exiting
2025/04/28 17:43:12 [notice] 45#45: exiting
2025/04/28 17:43:12 [notice] 43#43: exiting
2025/04/28 17:43:12 [notice] 41#41: exit
2025/04/28 17:43:12 [notice] 40#40: exit
2025/04/28 17:43:12 [notice] 42#42: exit
2025/04/28 17:43:12 [notice] 38#38: exit
2025/04/28 17:43:12 [notice] 44#44: exit
2025/04/28 17:43:12 [notice] 45#45: exit
2025/04/28 17:43:12 [notice] 43#43: exit
2025/04/28 17:43:13 [notice] 1#1: signal 17 (SIGCHLD) received from 42
2025/04/28 17:43:13 [notice] 1#1: worker process 40 exited with code 0
2025/04/28 17:43:13 [notice] 1#1: worker process 42 exited with code 0
2025/04/28 17:43:13 [notice] 1#1: worker process 44 exited with code 0
2025/04/28 17:43:13 [notice] 1#1: worker process 45 exited with code 0
2025/04/28 17:43:13 [notice] 1#1: signal 29 (SIGIO) received
2025/04/28 17:43:13 [notice] 1#1: signal 17 (SIGCHLD) received from 44
2025/04/28 17:43:13 [notice] 1#1: signal 17 (SIGCHLD) received from 41
2025/04/28 17:43:13 [notice] 1#1: worker process 39 exited with code 0
2025/04/28 17:43:13 [notice] 1#1: worker process 41 exited with code 0
2025/04/28 17:43:13 [notice] 1#1: signal 29 (SIGIO) received
2025/04/28 17:43:13 [notice] 1#1: signal 17 (SIGCHLD) received from 39
2025/04/28 17:43:13 [notice] 1#1: signal 17 (SIGCHLD) received from 43
2025/04/28 17:43:13 [notice] 1#1: worker process 38 exited with code 0
2025/04/28 17:43:13 [notice] 1#1: worker process 43 exited with code 0
2025/04/28 17:43:13 [notice] 1#1: exit
2025/04/28 17:43:32 [notice] 1#1: using the "epoll" event method
2025/04/28 17:43:32 [notice] 1#1: nginx/1.27.5
2025/04/28 17:43:32 [notice] 1#1: built by gcc 12.2.0 (Debian 12.2.0-14) 
2025/04/28 17:43:32 [notice] 1#1: OS: Linux 5.15.167.4-microsoft-standard-WSL2
2025/04/28 17:43:32 [notice] 1#1: getrlimit(RLIMIT_NOFILE): 1048576:1048576
2025/04/28 17:43:32 [notice] 1#1: start worker processes
2025/04/28 17:43:32 [notice] 1#1: start worker process 37
2025/04/28 17:43:32 [notice] 1#1: start worker process 38
2025/04/28 17:43:32 [notice] 1#1: start worker process 39
2025/04/28 17:43:32 [notice] 1#1: start worker process 40
2025/04/28 17:43:32 [notice] 1#1: start worker process 41
2025/04/28 17:43:32 [notice] 1#1: start worker process 42
2025/04/28 17:43:32 [notice] 1#1: start worker process 43
2025/04/28 17:43:32 [notice] 1#1: start worker process 44
2025/04/28 17:47:23 [notice] 1#1: signal 3 (SIGQUIT) received, shutting down
2025/04/28 17:47:23 [notice] 37#37: gracefully shutting down
2025/04/28 17:47:23 [notice] 38#38: gracefully shutting down
2025/04/28 17:47:23 [notice] 43#43: gracefully shutting down
2025/04/28 17:47:23 [notice] 42#42: gracefully shutting down
2025/04/28 17:47:23 [notice] 39#39: gracefully shutting down
2025/04/28 17:47:23 [notice] 41#41: gracefully shutting down
2025/04/28 17:47:23 [notice] 44#44: gracefully shutting down
2025/04/28 17:47:23 [notice] 40#40: gracefully shutting down
2025/04/28 17:47:23 [notice] 37#37: exiting
2025/04/28 17:47:23 [notice] 38#38: exiting
2025/04/28 17:47:23 [notice] 43#43: exiting
2025/04/28 17:47:23 [notice] 42#42: exiting
2025/04/28 17:47:23 [notice] 39#39: exiting
2025/04/28 17:47:23 [notice] 41#41: exiting
2025/04/28 17:47:23 [notice] 44#44: exiting
2025/04/28 17:47:23 [notice] 40#40: exiting
2025/04/28 17:47:23 [notice] 37#37: exit
2025/04/28 17:47:23 [notice] 38#38: exit
2025/04/28 17:47:23 [notice] 43#43: exit
2025/04/28 17:47:23 [notice] 42#42: exit
2025/04/28 17:47:23 [notice] 39#39: exit
2025/04/28 17:47:23 [notice] 41#41: exit
2025/04/28 17:47:23 [notice] 44#44: exit
2025/04/28 17:47:23 [notice] 40#40: exit
2025/04/28 17:47:23 [notice] 1#1: signal 17 (SIGCHLD) received from 42
2025/04/28 17:47:23 [notice] 1#1: worker process 37 exited with code 0
2025/04/28 17:47:23 [notice] 1#1: worker process 39 exited with code 0
2025/04/28 17:47:23 [notice] 1#1: worker process 42 exited with code 0
2025/04/28 17:47:23 [notice] 1#1: signal 29 (SIGIO) received
2025/04/28 17:47:23 [notice] 1#1: signal 17 (SIGCHLD) received from 38
2025/04/28 17:47:23 [notice] 1#1: worker process 38 exited with code 0
2025/04/28 17:47:23 [notice] 1#1: worker process 44 exited with code 0
2025/04/28 17:47:23 [notice] 1#1: signal 29 (SIGIO) received
2025/04/28 17:47:23 [notice] 1#1: signal 17 (SIGCHLD) received from 44
2025/04/28 17:47:23 [notice] 1#1: signal 17 (SIGCHLD) received from 43
2025/04/28 17:47:23 [notice] 1#1: worker process 40 exited with code 0
2025/04/28 17:47:23 [notice] 1#1: worker process 41 exited with code 0
2025/04/28 17:47:23 [notice] 1#1: worker process 43 exited with code 0
2025/04/28 17:47:23 [notice] 1#1: exit
2025/04/28 17:49:13 [notice] 1#1: using the "epoll" event method
2025/04/28 17:49:13 [notice] 1#1: nginx/1.27.5
2025/04/28 17:49:13 [notice] 1#1: built by gcc 12.2.0 (Debian 12.2.0-14) 
2025/04/28 17:49:13 [notice] 1#1: OS: Linux 5.15.167.4-microsoft-standard-WSL2
2025/04/28 17:49:13 [notice] 1#1: getrlimit(RLIMIT_NOFILE): 1048576:1048576
2025/04/28 17:49:13 [notice] 1#1: start worker processes
2025/04/28 17:49:13 [notice] 1#1: start worker process 38
2025/04/28 17:49:13 [notice] 1#1: start worker process 39
2025/04/28 17:49:13 [notice] 1#1: start worker process 40
2025/04/28 17:49:13 [notice] 1#1: start worker process 41
2025/04/28 17:49:13 [notice] 1#1: start worker process 42
2025/04/28 17:49:13 [notice] 1#1: start worker process 43
2025/04/28 17:49:13 [notice] 1#1: start worker process 44
2025/04/28 17:49:13 [notice] 1#1: start worker process 45
2025/04/28 17:49:32 [notice] 1#1: signal 3 (SIGQUIT) received, shutting down
2025/04/28 17:49:32 [notice] 38#38: gracefully shutting down
2025/04/28 17:49:32 [notice] 39#39: gracefully shutting down
2025/04/28 17:49:32 [notice] 40#40: gracefully shutting down
2025/04/28 17:49:32 [notice] 42#42: gracefully shutting down
2025/04/28 17:49:32 [notice] 43#43: gracefully shutting down
2025/04/28 17:49:32 [notice] 41#41: gracefully shutting down
2025/04/28 17:49:32 [notice] 41#41: exiting
2025/04/28 17:49:32 [notice] 44#44: gracefully shutting down
2025/04/28 17:49:32 [notice] 45#45: gracefully shutting down
2025/04/28 17:49:32 [notice] 38#38: exiting
2025/04/28 17:49:32 [notice] 39#39: exiting
2025/04/28 17:49:32 [notice] 40#40: exiting
2025/04/28 17:49:32 [notice] 42#42: exiting
2025/04/28 17:49:32 [notice] 43#43: exiting
2025/04/28 17:49:32 [notice] 41#41: exit
2025/04/28 17:49:32 [notice] 44#44: exiting
2025/04/28 17:49:32 [notice] 45#45: exiting
2025/04/28 17:49:32 [notice] 38#38: exit
2025/04/28 17:49:32 [notice] 39#39: exit
2025/04/28 17:49:32 [notice] 40#40: exit
2025/04/28 17:49:32 [notice] 42#42: exit
2025/04/28 17:49:32 [notice] 43#43: exit
2025/04/28 17:49:32 [notice] 44#44: exit
2025/04/28 17:49:32 [notice] 45#45: exit
2025/04/28 17:49:32 [notice] 1#1: signal 17 (SIGCHLD) received from 43
2025/04/28 17:49:32 [notice] 1#1: worker process 39 exited with code 0
2025/04/28 17:49:32 [notice] 1#1: worker process 41 exited with code 0
2025/04/28 17:49:32 [notice] 1#1: worker process 42 exited with code 0
2025/04/28 17:49:32 [notice] 1#1: worker process 43 exited with code 0
2025/04/28 17:49:32 [notice] 1#1: signal 29 (SIGIO) received
2025/04/28 17:49:32 [notice] 1#1: signal 17 (SIGCHLD) received from 41
2025/04/28 17:49:32 [notice] 1#1: signal 17 (SIGCHLD) received from 40
2025/04/28 17:49:32 [notice] 1#1: worker process 38 exited with code 0
2025/04/28 17:49:32 [notice] 1#1: worker process 40 exited with code 0
2025/04/28 17:49:32 [notice] 1#1: worker process 44 exited with code 0
2025/04/28 17:49:32 [notice] 1#1: worker process 45 exited with code 0
2025/04/28 17:49:32 [notice] 1#1: exit
2025/04/28 17:50:32 [notice] 1#1: using the "epoll" event method
2025/04/28 17:50:32 [notice] 1#1: nginx/1.27.5
2025/04/28 17:50:32 [notice] 1#1: built by gcc 12.2.0 (Debian 12.2.0-14) 
2025/04/28 17:50:32 [notice] 1#1: OS: Linux 5.15.167.4-microsoft-standard-WSL2
2025/04/28 17:50:32 [notice] 1#1: getrlimit(RLIMIT_NOFILE): 1048576:1048576
2025/04/28 17:50:32 [notice] 1#1: start worker processes
2025/04/28 17:50:32 [notice] 1#1: start worker process 38
2025/04/28 17:50:32 [notice] 1#1: start worker process 39
2025/04/28 17:50:32 [notice] 1#1: start worker process 40
2025/04/28 17:50:32 [notice] 1#1: start worker process 41
2025/04/28 17:50:32 [notice] 1#1: start worker process 42
2025/04/28 17:50:32 [notice] 1#1: start worker process 43
2025/04/28 17:50:32 [notice] 1#1: start worker process 44
2025/04/28 17:50:32 [notice] 1#1: start worker process 45
2025/04/28 17:51:16 [notice] 1#1: signal 3 (SIGQUIT) received, shutting down
2025/04/28 17:51:16 [notice] 38#38: gracefully shutting down
2025/04/28 17:51:16 [notice] 39#39: gracefully shutting down
2025/04/28 17:51:16 [notice] 39#39: exiting
2025/04/28 17:51:16 [notice] 44#44: gracefully shutting down
2025/04/28 17:51:16 [notice] 41#41: gracefully shutting down
2025/04/28 17:51:16 [notice] 40#40: gracefully shutting down
2025/04/28 17:51:16 [notice] 43#43: gracefully shutting down
2025/04/28 17:51:16 [notice] 42#42: gracefully shutting down
2025/04/28 17:51:16 [notice] 45#45: gracefully shutting down
2025/04/28 17:51:16 [notice] 38#38: exiting
2025/04/28 17:51:16 [notice] 39#39: exit
2025/04/28 17:51:16 [notice] 44#44: exiting
2025/04/28 17:51:16 [notice] 41#41: exiting
2025/04/28 17:51:16 [notice] 40#40: exiting
2025/04/28 17:51:16 [notice] 43#43: exiting
2025/04/28 17:51:16 [notice] 42#42: exiting
2025/04/28 17:51:16 [notice] 45#45: exiting
2025/04/28 17:51:16 [notice] 38#38: exit
2025/04/28 17:51:16 [notice] 44#44: exit
2025/04/28 17:51:16 [notice] 41#41: exit
2025/04/28 17:51:16 [notice] 40#40: exit
2025/04/28 17:51:16 [notice] 43#43: exit
2025/04/28 17:51:16 [notice] 42#42: exit
2025/04/28 17:51:16 [notice] 45#45: exit
2025/04/28 17:51:16 [notice] 1#1: signal 17 (SIGCHLD) received from 41
2025/04/28 17:51:16 [notice] 1#1: worker process 40 exited with code 0
2025/04/28 17:51:16 [notice] 1#1: worker process 41 exited with code 0
2025/04/28 17:51:16 [notice] 1#1: worker process 44 exited with code 0
2025/04/28 17:51:16 [notice] 1#1: worker process 45 exited with code 0
2025/04/28 17:51:16 [notice] 1#1: signal 29 (SIGIO) received
2025/04/28 17:51:16 [notice] 1#1: signal 17 (SIGCHLD) received from 38
2025/04/28 17:51:16 [notice] 1#1: worker process 38 exited with code 0
2025/04/28 17:51:16 [notice] 1#1: worker process 42 exited with code 0
2025/04/28 17:51:16 [notice] 1#1: signal 29 (SIGIO) received
2025/04/28 17:51:16 [notice] 1#1: signal 17 (SIGCHLD) received from 43
2025/04/28 17:51:16 [notice] 1#1: worker process 43 exited with code 0
2025/04/28 17:51:16 [notice] 1#1: signal 29 (SIGIO) received
2025/04/28 17:51:17 [notice] 1#1: signal 17 (SIGCHLD) received from 39
2025/04/28 17:51:17 [notice] 1#1: worker process 39 exited with code 0
2025/04/28 17:51:17 [notice] 1#1: exit
2025/04/28 17:52:41 [notice] 1#1: using the "epoll" event method
2025/04/28 17:52:41 [notice] 1#1: nginx/1.27.5
2025/04/28 17:52:41 [notice] 1#1: built by gcc 12.2.0 (Debian 12.2.0-14) 
2025/04/28 17:52:41 [notice] 1#1: OS: Linux 5.15.167.4-microsoft-standard-WSL2
2025/04/28 17:52:41 [notice] 1#1: getrlimit(RLIMIT_NOFILE): 1048576:1048576
2025/04/28 17:52:41 [notice] 1#1: start worker processes
2025/04/28 17:52:41 [notice] 1#1: start worker process 38
2025/04/28 17:52:41 [notice] 1#1: start worker process 39
2025/04/28 17:52:41 [notice] 1#1: start worker process 40
2025/04/28 17:52:41 [notice] 1#1: start worker process 41
2025/04/28 17:52:41 [notice] 1#1: start worker process 42
2025/04/28 17:52:41 [notice] 1#1: start worker process 43
2025/04/28 17:52:41 [notice] 1#1: start worker process 44
2025/04/28 17:52:41 [notice] 1#1: start worker process 45
2025/04/28 17:54:43 [notice] 1#1: signal 3 (SIGQUIT) received, shutting down
2025/04/28 17:54:43 [notice] 38#38: gracefully shutting down
2025/04/28 17:54:43 [notice] 39#39: gracefully shutting down
2025/04/28 17:54:43 [notice] 41#41: gracefully shutting down
2025/04/28 17:54:43 [notice] 41#41: exiting
2025/04/28 17:54:43 [notice] 42#42: gracefully shutting down
2025/04/28 17:54:43 [notice] 43#43: gracefully shutting down
2025/04/28 17:54:43 [notice] 44#44: gracefully shutting down
2025/04/28 17:54:43 [notice] 44#44: exiting
2025/04/28 17:54:43 [notice] 45#45: gracefully shutting down
2025/04/28 17:54:43 [notice] 45#45: exiting
2025/04/28 17:54:43 [notice] 40#40: gracefully shutting down
2025/04/28 17:54:43 [notice] 38#38: exiting
2025/04/28 17:54:43 [notice] 39#39: exiting
2025/04/28 17:54:43 [notice] 41#41: exit
2025/04/28 17:54:43 [notice] 42#42: exiting
2025/04/28 17:54:43 [notice] 43#43: exiting
2025/04/28 17:54:43 [notice] 44#44: exit
2025/04/28 17:54:43 [notice] 45#45: exit
2025/04/28 17:54:43 [notice] 40#40: exiting
2025/04/28 17:54:43 [notice] 38#38: exit
2025/04/28 17:54:43 [notice] 39#39: exit
2025/04/28 17:54:43 [notice] 42#42: exit
2025/04/28 17:54:43 [notice] 43#43: exit
2025/04/28 17:54:43 [notice] 40#40: exit
2025/04/28 17:54:44 [notice] 1#1: signal 17 (SIGCHLD) received from 44
2025/04/28 17:54:44 [notice] 1#1: worker process 38 exited with code 0
2025/04/28 17:54:44 [notice] 1#1: worker process 40 exited with code 0
2025/04/28 17:54:44 [notice] 1#1: worker process 43 exited with code 0
2025/04/28 17:54:44 [notice] 1#1: worker process 44 exited with code 0
2025/04/28 17:54:44 [notice] 1#1: worker process 45 exited with code 0
2025/04/28 17:54:44 [notice] 1#1: signal 29 (SIGIO) received
2025/04/28 17:54:44 [notice] 1#1: signal 17 (SIGCHLD) received from 38
2025/04/28 17:54:44 [notice] 1#1: signal 17 (SIGCHLD) received from 42
2025/04/28 17:54:44 [notice] 1#1: worker process 42 exited with code 0
2025/04/28 17:54:44 [notice] 1#1: signal 29 (SIGIO) received
2025/04/28 17:54:44 [notice] 1#1: signal 17 (SIGCHLD) received from 41
2025/04/28 17:54:44 [notice] 1#1: worker process 39 exited with code 0
2025/04/28 17:54:44 [notice] 1#1: worker process 41 exited with code 0
2025/04/28 17:54:44 [notice] 1#1: exit
2025/04/28 17:55:03 [notice] 1#1: using the "epoll" event method
2025/04/28 17:55:03 [notice] 1#1: nginx/1.27.5
2025/04/28 17:55:03 [notice] 1#1: built by gcc 12.2.0 (Debian 12.2.0-14) 
2025/04/28 17:55:03 [notice] 1#1: OS: Linux 5.15.167.4-microsoft-standard-WSL2
2025/04/28 17:55:03 [notice] 1#1: getrlimit(RLIMIT_NOFILE): 1048576:1048576
2025/04/28 17:55:03 [notice] 1#1: start worker processes
2025/04/28 17:55:03 [notice] 1#1: start worker process 38
2025/04/28 17:55:03 [notice] 1#1: start worker process 39
2025/04/28 17:55:03 [notice] 1#1: start worker process 40
2025/04/28 17:55:03 [notice] 1#1: start worker process 41
2025/04/28 17:55:03 [notice] 1#1: start worker process 42
2025/04/28 17:55:03 [notice] 1#1: start worker process 43
2025/04/28 17:55:03 [notice] 1#1: start worker process 44
2025/04/28 17:55:03 [notice] 1#1: start worker process 45
2025/04/28 17:57:30 [notice] 1#1: signal 3 (SIGQUIT) received, shutting down
2025/04/28 17:57:30 [notice] 38#38: gracefully shutting down
2025/04/28 17:57:30 [notice] 40#40: gracefully shutting down
2025/04/28 17:57:30 [notice] 44#44: gracefully shutting down
2025/04/28 17:57:30 [notice] 44#44: exiting
2025/04/28 17:57:30 [notice] 39#39: gracefully shutting down
2025/04/28 17:57:30 [notice] 43#43: gracefully shutting down
2025/04/28 17:57:30 [notice] 45#45: gracefully shutting down
2025/04/28 17:57:30 [notice] 45#45: exiting
2025/04/28 17:57:30 [notice] 41#41: gracefully shutting down
2025/04/28 17:57:30 [notice] 42#42: gracefully shutting down
2025/04/28 17:57:30 [notice] 42#42: exiting
2025/04/28 17:57:30 [notice] 38#38: exiting
2025/04/28 17:57:30 [notice] 44#44: exit
2025/04/28 17:57:30 [notice] 40#40: exiting
2025/04/28 17:57:30 [notice] 43#43: exiting
2025/04/28 17:57:30 [notice] 39#39: exiting
2025/04/28 17:57:30 [notice] 39#39: exit
2025/04/28 17:57:30 [notice] 45#45: exit
2025/04/28 17:57:30 [notice] 41#41: exiting
2025/04/28 17:57:30 [notice] 42#42: exit
2025/04/28 17:57:30 [notice] 38#38: exit
2025/04/28 17:57:30 [notice] 40#40: exit
2025/04/28 17:57:30 [notice] 43#43: exit
2025/04/28 17:57:30 [notice] 41#41: exit
2025/04/28 17:57:30 [notice] 1#1: signal 17 (SIGCHLD) received from 43
2025/04/28 17:57:30 [notice] 1#1: worker process 40 exited with code 0
2025/04/28 17:57:30 [notice] 1#1: worker process 43 exited with code 0
2025/04/28 17:57:30 [notice] 1#1: worker process 45 exited with code 0
2025/04/28 17:57:30 [notice] 1#1: signal 29 (SIGIO) received
2025/04/28 17:57:30 [notice] 1#1: signal 17 (SIGCHLD) received from 45
2025/04/28 17:57:30 [notice] 1#1: signal 17 (SIGCHLD) received from 44
2025/04/28 17:57:30 [notice] 1#1: worker process 39 exited with code 0
2025/04/28 17:57:30 [notice] 1#1: worker process 44 exited with code 0
2025/04/28 17:57:30 [notice] 1#1: signal 29 (SIGIO) received
2025/04/28 17:57:30 [notice] 1#1: signal 17 (SIGCHLD) received from 38
2025/04/28 17:57:30 [notice] 1#1: worker process 38 exited with code 0
2025/04/28 17:57:30 [notice] 1#1: signal 29 (SIGIO) received
2025/04/28 17:57:30 [notice] 1#1: signal 17 (SIGCHLD) received from 42
2025/04/28 17:57:30 [notice] 1#1: worker process 42 exited with code 0
2025/04/28 17:57:30 [notice] 1#1: signal 29 (SIGIO) received
2025/04/28 17:57:30 [notice] 1#1: signal 17 (SIGCHLD) received from 41
2025/04/28 17:57:30 [notice] 1#1: worker process 41 exited with code 0
2025/04/28 17:57:30 [notice] 1#1: exit
2025/04/28 17:57:47 [notice] 1#1: using the "epoll" event method
2025/04/28 17:57:47 [notice] 1#1: nginx/1.27.5
2025/04/28 17:57:47 [notice] 1#1: built by gcc 12.2.0 (Debian 12.2.0-14) 
2025/04/28 17:57:47 [notice] 1#1: OS: Linux 5.15.167.4-microsoft-standard-WSL2
2025/04/28 17:57:47 [notice] 1#1: getrlimit(RLIMIT_NOFILE): 1048576:1048576
2025/04/28 17:57:47 [notice] 1#1: start worker processes
2025/04/28 17:57:47 [notice] 1#1: start worker process 37
2025/04/28 17:57:47 [notice] 1#1: start worker process 38
2025/04/28 17:57:47 [notice] 1#1: start worker process 39
2025/04/28 17:57:47 [notice] 1#1: start worker process 40
2025/04/28 17:57:47 [notice] 1#1: start worker process 41
2025/04/28 17:57:47 [notice] 1#1: start worker process 42
2025/04/28 17:57:47 [notice] 1#1: start worker process 43
2025/04/28 17:57:47 [notice] 1#1: start worker process 44
2025/04/28 18:03:15 [notice] 1#1: signal 3 (SIGQUIT) received, shutting down
2025/04/28 18:03:15 [notice] 37#37: gracefully shutting down
2025/04/28 18:03:15 [notice] 38#38: gracefully shutting down
2025/04/28 18:03:15 [notice] 39#39: gracefully shutting down
2025/04/28 18:03:15 [notice] 41#41: gracefully shutting down
2025/04/28 18:03:15 [notice] 40#40: gracefully shutting down
2025/04/28 18:03:15 [notice] 44#44: gracefully shutting down
2025/04/28 18:03:15 [notice] 42#42: gracefully shutting down
2025/04/28 18:03:15 [notice] 43#43: gracefully shutting down
2025/04/28 18:03:15 [notice] 37#37: exiting
2025/04/28 18:03:15 [notice] 38#38: exiting
2025/04/28 18:03:15 [notice] 41#41: exiting
2025/04/28 18:03:15 [notice] 39#39: exiting
2025/04/28 18:03:15 [notice] 40#40: exiting
2025/04/28 18:03:15 [notice] 44#44: exiting
2025/04/28 18:03:15 [notice] 42#42: exiting
2025/04/28 18:03:15 [notice] 43#43: exiting
2025/04/28 18:03:15 [notice] 37#37: exit
2025/04/28 18:03:15 [notice] 38#38: exit
2025/04/28 18:03:15 [notice] 41#41: exit
2025/04/28 18:03:15 [notice] 39#39: exit
2025/04/28 18:03:15 [notice] 40#40: exit
2025/04/28 18:03:15 [notice] 44#44: exit
2025/04/28 18:03:15 [notice] 42#42: exit
2025/04/28 18:03:15 [notice] 43#43: exit
2025/04/28 18:03:15 [notice] 1#1: signal 17 (SIGCHLD) received from 43
2025/04/28 18:03:15 [notice] 1#1: worker process 40 exited with code 0
2025/04/28 18:03:15 [notice] 1#1: worker process 41 exited with code 0
2025/04/28 18:03:15 [notice] 1#1: worker process 42 exited with code 0
2025/04/28 18:03:15 [notice] 1#1: worker process 43 exited with code 0
2025/04/28 18:03:15 [notice] 1#1: signal 29 (SIGIO) received
2025/04/28 18:03:15 [notice] 1#1: signal 17 (SIGCHLD) received from 37
2025/04/28 18:03:15 [notice] 1#1: worker process 37 exited with code 0
2025/04/28 18:03:15 [notice] 1#1: worker process 39 exited with code 0
2025/04/28 18:03:15 [notice] 1#1: signal 29 (SIGIO) received
2025/04/28 18:03:15 [notice] 1#1: signal 17 (SIGCHLD) received from 38
2025/04/28 18:03:15 [notice] 1#1: worker process 38 exited with code 0
2025/04/28 18:03:15 [notice] 1#1: worker process 44 exited with code 0
2025/04/28 18:03:15 [notice] 1#1: exit
2025/04/28 18:03:41 [emerg] 1#1: "proxy_pass" directive is duplicate in /etc/nginx/conf.d/default.conf:13
2025/04/28 18:03:42 [emerg] 1#1: "proxy_pass" directive is duplicate in /etc/nginx/conf.d/default.conf:13
2025/04/28 18:03:43 [emerg] 1#1: "proxy_pass" directive is duplicate in /etc/nginx/conf.d/default.conf:13
2025/04/28 18:03:44 [emerg] 1#1: "proxy_pass" directive is duplicate in /etc/nginx/conf.d/default.conf:13
2025/04/28 18:03:45 [emerg] 1#1: "proxy_pass" directive is duplicate in /etc/nginx/conf.d/default.conf:13
2025/04/28 18:03:47 [emerg] 1#1: "proxy_pass" directive is duplicate in /etc/nginx/conf.d/default.conf:13
2025/04/28 18:03:50 [emerg] 1#1: "proxy_pass" directive is duplicate in /etc/nginx/conf.d/default.conf:13
2025/04/28 18:03:57 [emerg] 1#1: "proxy_pass" directive is duplicate in /etc/nginx/conf.d/default.conf:13
2025/04/28 18:04:10 [emerg] 1#1: "proxy_pass" directive is duplicate in /etc/nginx/conf.d/default.conf:13
2025/04/28 18:04:36 [emerg] 1#1: "proxy_pass" directive is duplicate in /etc/nginx/conf.d/default.conf:13
2025/04/28 18:05:28 [emerg] 1#1: "proxy_pass" directive is duplicate in /etc/nginx/conf.d/default.conf:13
2025/04/28 18:06:14 [emerg] 1#1: "proxy_pass" directive is duplicate in /etc/nginx/conf.d/default.conf:13
2025/04/28 18:06:15 [emerg] 1#1: "proxy_pass" directive is duplicate in /etc/nginx/conf.d/default.conf:13
2025/04/28 18:06:16 [emerg] 1#1: "proxy_pass" directive is duplicate in /etc/nginx/conf.d/default.conf:13
2025/04/28 18:06:17 [emerg] 1#1: "proxy_pass" directive is duplicate in /etc/nginx/conf.d/default.conf:13
2025/04/28 18:06:18 [emerg] 1#1: "proxy_pass" directive is duplicate in /etc/nginx/conf.d/default.conf:13
2025/04/28 18:06:20 [emerg] 1#1: "proxy_pass" directive is duplicate in /etc/nginx/conf.d/default.conf:13
2025/04/28 18:06:23 [emerg] 1#1: "proxy_pass" directive is duplicate in /etc/nginx/conf.d/default.conf:13
2025/04/28 18:06:30 [emerg] 1#1: "proxy_pass" directive is duplicate in /etc/nginx/conf.d/default.conf:13
2025/04/28 18:06:43 [emerg] 1#1: "proxy_pass" directive is duplicate in /etc/nginx/conf.d/default.conf:13
2025/04/28 18:07:09 [emerg] 1#1: "proxy_pass" directive is duplicate in /etc/nginx/conf.d/default.conf:13
2025/04/28 18:08:01 [emerg] 1#1: "proxy_pass" directive is duplicate in /etc/nginx/conf.d/default.conf:13
2025/04/28 18:09:01 [emerg] 1#1: "proxy_pass" directive is duplicate in /etc/nginx/conf.d/default.conf:13
2025/04/28 18:10:01 [emerg] 1#1: "proxy_pass" directive is duplicate in /etc/nginx/conf.d/default.conf:13
2025/04/28 18:11:02 [emerg] 1#1: "proxy_pass" directive is duplicate in /etc/nginx/conf.d/default.conf:13
2025/04/28 18:12:02 [emerg] 1#1: "proxy_pass" directive is duplicate in /etc/nginx/conf.d/default.conf:13
2025/04/28 18:13:10 [emerg] 1#1: "proxy_pass" directive is duplicate in /etc/nginx/conf.d/default.conf:13
2025/04/28 18:13:10 [emerg] 1#1: "proxy_pass" directive is duplicate in /etc/nginx/conf.d/default.conf:13
2025/04/28 18:13:11 [emerg] 1#1: "proxy_pass" directive is duplicate in /etc/nginx/conf.d/default.conf:13
2025/04/28 18:13:12 [emerg] 1#1: "proxy_pass" directive is duplicate in /etc/nginx/conf.d/default.conf:13
2025/04/28 18:13:13 [emerg] 1#1: "proxy_pass" directive is duplicate in /etc/nginx/conf.d/default.conf:13
2025/04/28 18:13:15 [emerg] 1#1: "proxy_pass" directive is duplicate in /etc/nginx/conf.d/default.conf:13
2025/04/28 18:13:19 [emerg] 1#1: "proxy_pass" directive is duplicate in /etc/nginx/conf.d/default.conf:13
2025/04/28 18:13:25 [emerg] 1#1: "proxy_pass" directive is duplicate in /etc/nginx/conf.d/default.conf:13
2025/04/28 18:13:39 [emerg] 1#1: "proxy_pass" directive is duplicate in /etc/nginx/conf.d/default.conf:13
2025/04/28 18:14:05 [emerg] 1#1: "proxy_pass" directive is duplicate in /etc/nginx/conf.d/default.conf:13
2025/04/28 18:14:56 [emerg] 1#1: "proxy_pass" directive is duplicate in /etc/nginx/conf.d/default.conf:13
2025/04/28 18:16:38 [notice] 1#1: using the "epoll" event method
2025/04/28 18:16:38 [notice] 1#1: nginx/1.27.5
2025/04/28 18:16:38 [notice] 1#1: built by gcc 12.2.0 (Debian 12.2.0-14) 
2025/04/28 18:16:38 [notice] 1#1: OS: Linux 5.15.167.4-microsoft-standard-WSL2
2025/04/28 18:16:38 [notice] 1#1: getrlimit(RLIMIT_NOFILE): 1048576:1048576
2025/04/28 18:16:38 [notice] 1#1: start worker processes
2025/04/28 18:16:38 [notice] 1#1: start worker process 38
2025/04/28 18:16:38 [notice] 1#1: start worker process 39
2025/04/28 18:16:38 [notice] 1#1: start worker process 40
2025/04/28 18:16:38 [notice] 1#1: start worker process 41
2025/04/28 18:16:38 [notice] 1#1: start worker process 42
2025/04/28 18:16:38 [notice] 1#1: start worker process 43
2025/04/28 18:16:38 [notice] 1#1: start worker process 44
2025/04/28 18:16:38 [notice] 1#1: start worker process 45
2025/04/28 18:17:03 [error] 38#38: *1 open() "/usr/share/nginx/html/about.html" failed (2: No such file or directory), client: 172.18.0.1, server: _, request: "GET /doc/about.html HTTP/1.1", host: "localhost:8080"
2025/04/28 18:19:23 [notice] 1#1: signal 3 (SIGQUIT) received, shutting down
2025/04/28 18:19:23 [notice] 38#38: gracefully shutting down
2025/04/28 18:19:23 [notice] 45#45: gracefully shutting down
2025/04/28 18:19:23 [notice] 39#39: gracefully shutting down
2025/04/28 18:19:23 [notice] 41#41: gracefully shutting down
2025/04/28 18:19:23 [notice] 42#42: gracefully shutting down
2025/04/28 18:19:23 [notice] 40#40: gracefully shutting down
2025/04/28 18:19:23 [notice] 43#43: gracefully shutting down
2025/04/28 18:19:23 [notice] 44#44: gracefully shutting down
2025/04/28 18:19:23 [notice] 38#38: exiting
2025/04/28 18:19:23 [notice] 45#45: exiting
2025/04/28 18:19:23 [notice] 38#38: exit
2025/04/28 18:19:23 [notice] 39#39: exiting
2025/04/28 18:19:23 [notice] 41#41: exiting
2025/04/28 18:19:23 [notice] 42#42: exiting
2025/04/28 18:19:23 [notice] 40#40: exiting
2025/04/28 18:19:23 [notice] 43#43: exiting
2025/04/28 18:19:23 [notice] 44#44: exiting
2025/04/28 18:19:23 [notice] 45#45: exit
2025/04/28 18:19:23 [notice] 39#39: exit
2025/04/28 18:19:23 [notice] 41#41: exit
2025/04/28 18:19:23 [notice] 42#42: exit
2025/04/28 18:19:23 [notice] 40#40: exit
2025/04/28 18:19:23 [notice] 43#43: exit
2025/04/28 18:19:23 [notice] 44#44: exit
2025/04/28 18:19:23 [notice] 1#1: signal 17 (SIGCHLD) received from 38
2025/04/28 18:19:23 [notice] 1#1: worker process 38 exited with code 0
2025/04/28 18:19:23 [notice] 1#1: worker process 41 exited with code 0
2025/04/28 18:19:23 [notice] 1#1: worker process 43 exited with code 0
2025/04/28 18:19:23 [notice] 1#1: worker process 44 exited with code 0
2025/04/28 18:19:23 [notice] 1#1: worker process 45 exited with code 0
2025/04/28 18:19:23 [notice] 1#1: signal 29 (SIGIO) received
2025/04/28 18:19:23 [notice] 1#1: signal 17 (SIGCHLD) received from 45
2025/04/28 18:19:23 [notice] 1#1: signal 17 (SIGCHLD) received from 39
2025/04/28 18:19:23 [notice] 1#1: worker process 39 exited with code 0
2025/04/28 18:19:23 [notice] 1#1: signal 29 (SIGIO) received
2025/04/28 18:19:23 [notice] 1#1: signal 17 (SIGCHLD) received from 42
2025/04/28 18:19:23 [notice] 1#1: worker process 42 exited with code 0
2025/04/28 18:19:23 [notice] 1#1: signal 29 (SIGIO) received
2025/04/28 18:19:23 [notice] 1#1: signal 17 (SIGCHLD) received from 40
2025/04/28 18:19:23 [notice] 1#1: worker process 40 exited with code 0
2025/04/28 18:19:23 [notice] 1#1: exit
2025/04/28 18:19:49 [notice] 1#1: using the "epoll" event method
2025/04/28 18:19:49 [notice] 1#1: nginx/1.27.5
2025/04/28 18:19:49 [notice] 1#1: built by gcc 12.2.0 (Debian 12.2.0-14) 
2025/04/28 18:19:49 [notice] 1#1: OS: Linux 5.15.167.4-microsoft-standard-WSL2
2025/04/28 18:19:49 [notice] 1#1: getrlimit(RLIMIT_NOFILE): 1048576:1048576
2025/04/28 18:19:49 [notice] 1#1: start worker processes
2025/04/28 18:19:49 [notice] 1#1: start worker process 38
2025/04/28 18:19:49 [notice] 1#1: start worker process 39
2025/04/28 18:19:49 [notice] 1#1: start worker process 40
2025/04/28 18:19:49 [notice] 1#1: start worker process 41
2025/04/28 18:19:49 [notice] 1#1: start worker process 42
2025/04/28 18:19:49 [notice] 1#1: start worker process 43
2025/04/28 18:19:49 [notice] 1#1: start worker process 44
2025/04/28 18:19:49 [notice] 1#1: start worker process 45
2025/04/28 18:20:04 [notice] 1#1: signal 3 (SIGQUIT) received, shutting down
2025/04/28 18:20:04 [notice] 38#38: gracefully shutting down
2025/04/28 18:20:04 [notice] 38#38: exiting
2025/04/28 18:20:04 [notice] 40#40: gracefully shutting down
2025/04/28 18:20:04 [notice] 40#40: exiting
2025/04/28 18:20:04 [notice] 41#41: gracefully shutting down
2025/04/28 18:20:04 [notice] 41#41: exiting
2025/04/28 18:20:04 [notice] 39#39: gracefully shutting down
2025/04/28 18:20:04 [notice] 42#42: gracefully shutting down
2025/04/28 18:20:04 [notice] 43#43: gracefully shutting down
2025/04/28 18:20:04 [notice] 44#44: gracefully shutting down
2025/04/28 18:20:04 [notice] 44#44: exiting
2025/04/28 18:20:04 [notice] 45#45: gracefully shutting down
2025/04/28 18:20:04 [notice] 38#38: exit
2025/04/28 18:20:04 [notice] 40#40: exit
2025/04/28 18:20:04 [notice] 41#41: exit
2025/04/28 18:20:04 [notice] 39#39: exiting
2025/04/28 18:20:04 [notice] 39#39: exit
2025/04/28 18:20:04 [notice] 42#42: exiting
2025/04/28 18:20:04 [notice] 43#43: exiting
2025/04/28 18:20:04 [notice] 44#44: exit
2025/04/28 18:20:04 [notice] 45#45: exiting
2025/04/28 18:20:04 [notice] 42#42: exit
2025/04/28 18:20:04 [notice] 43#43: exit
2025/04/28 18:20:04 [notice] 45#45: exit
2025/04/28 18:20:04 [notice] 1#1: signal 17 (SIGCHLD) received from 41
2025/04/28 18:20:04 [notice] 1#1: worker process 39 exited with code 0
2025/04/28 18:20:04 [notice] 1#1: worker process 41 exited with code 0
2025/04/28 18:20:04 [notice] 1#1: signal 29 (SIGIO) received
2025/04/28 18:20:04 [notice] 1#1: signal 17 (SIGCHLD) received from 44
2025/04/28 18:20:04 [notice] 1#1: worker process 44 exited with code 0
2025/04/28 18:20:04 [notice] 1#1: signal 29 (SIGIO) received
2025/04/28 18:20:04 [notice] 1#1: signal 17 (SIGCHLD) received from 40
2025/04/28 18:20:04 [notice] 1#1: worker process 38 exited with code 0
2025/04/28 18:20:04 [notice] 1#1: worker process 40 exited with code 0
2025/04/28 18:20:04 [notice] 1#1: worker process 42 exited with code 0
2025/04/28 18:20:04 [notice] 1#1: worker process 43 exited with code 0
2025/04/28 18:20:04 [notice] 1#1: worker process 45 exited with code 0
2025/04/28 18:20:04 [notice] 1#1: exit
2025/04/28 18:20:49 [notice] 1#1: using the "epoll" event method
2025/04/28 18:20:49 [notice] 1#1: nginx/1.27.5
2025/04/28 18:20:49 [notice] 1#1: built by gcc 12.2.0 (Debian 12.2.0-14) 
2025/04/28 18:20:49 [notice] 1#1: OS: Linux 5.15.167.4-microsoft-standard-WSL2
2025/04/28 18:20:49 [notice] 1#1: getrlimit(RLIMIT_NOFILE): 1048576:1048576
2025/04/28 18:20:49 [notice] 1#1: start worker processes
2025/04/28 18:20:49 [notice] 1#1: start worker process 37
2025/04/28 18:20:49 [notice] 1#1: start worker process 38
2025/04/28 18:20:49 [notice] 1#1: start worker process 39
2025/04/28 18:20:49 [notice] 1#1: start worker process 40
2025/04/28 18:20:49 [notice] 1#1: start worker process 41
2025/04/28 18:20:49 [notice] 1#1: start worker process 42
2025/04/28 18:20:49 [notice] 1#1: start worker process 43
2025/04/28 18:20:49 [notice] 1#1: start worker process 44
2025/04/28 18:22:36 [notice] 1#1: signal 3 (SIGQUIT) received, shutting down
2025/04/28 18:22:36 [notice] 37#37: gracefully shutting down
2025/04/28 18:22:36 [notice] 39#39: gracefully shutting down
2025/04/28 18:22:36 [notice] 39#39: exiting
2025/04/28 18:22:36 [notice] 40#40: gracefully shutting down
2025/04/28 18:22:36 [notice] 40#40: exiting
2025/04/28 18:22:36 [notice] 38#38: gracefully shutting down
2025/04/28 18:22:36 [notice] 38#38: exiting
2025/04/28 18:22:36 [notice] 41#41: gracefully shutting down
2025/04/28 18:22:36 [notice] 42#42: gracefully shutting down
2025/04/28 18:22:36 [notice] 43#43: gracefully shutting down
2025/04/28 18:22:36 [notice] 44#44: gracefully shutting down
2025/04/28 18:22:36 [notice] 37#37: exiting
2025/04/28 18:22:36 [notice] 39#39: exit
2025/04/28 18:22:36 [notice] 40#40: exit
2025/04/28 18:22:36 [notice] 38#38: exit
2025/04/28 18:22:36 [notice] 41#41: exiting
2025/04/28 18:22:36 [notice] 42#42: exiting
2025/04/28 18:22:36 [notice] 43#43: exiting
2025/04/28 18:22:36 [notice] 44#44: exiting
2025/04/28 18:22:36 [notice] 37#37: exit
2025/04/28 18:22:36 [notice] 41#41: exit
2025/04/28 18:22:36 [notice] 42#42: exit
2025/04/28 18:22:36 [notice] 43#43: exit
2025/04/28 18:22:36 [notice] 44#44: exit
2025/04/28 18:22:36 [notice] 1#1: signal 17 (SIGCHLD) received from 39
2025/04/28 18:22:36 [notice] 1#1: worker process 39 exited with code 0
2025/04/28 18:22:36 [notice] 1#1: worker process 41 exited with code 0
2025/04/28 18:22:36 [notice] 1#1: signal 29 (SIGIO) received
2025/04/28 18:22:36 [notice] 1#1: signal 17 (SIGCHLD) received from 43
2025/04/28 18:22:36 [notice] 1#1: worker process 37 exited with code 0
2025/04/28 18:22:36 [notice] 1#1: worker process 38 exited with code 0
2025/04/28 18:22:36 [notice] 1#1: worker process 43 exited with code 0
2025/04/28 18:22:36 [notice] 1#1: worker process 44 exited with code 0
2025/04/28 18:22:36 [notice] 1#1: signal 29 (SIGIO) received
2025/04/28 18:22:36 [notice] 1#1: signal 17 (SIGCHLD) received from 44
2025/04/28 18:22:36 [notice] 1#1: signal 17 (SIGCHLD) received from 40
2025/04/28 18:22:36 [notice] 1#1: worker process 40 exited with code 0
2025/04/28 18:22:36 [notice] 1#1: worker process 42 exited with code 0
2025/04/28 18:22:36 [notice] 1#1: exit
2025/04/28 18:23:05 [notice] 1#1: using the "epoll" event method
2025/04/28 18:23:05 [notice] 1#1: nginx/1.27.5
2025/04/28 18:23:05 [notice] 1#1: built by gcc 12.2.0 (Debian 12.2.0-14) 
2025/04/28 18:23:05 [notice] 1#1: OS: Linux 5.15.167.4-microsoft-standard-WSL2
2025/04/28 18:23:05 [notice] 1#1: getrlimit(RLIMIT_NOFILE): 1048576:1048576
2025/04/28 18:23:05 [notice] 1#1: start worker processes
2025/04/28 18:23:05 [notice] 1#1: start worker process 38
2025/04/28 18:23:05 [notice] 1#1: start worker process 39
2025/04/28 18:23:05 [notice] 1#1: start worker process 40
2025/04/28 18:23:05 [notice] 1#1: start worker process 41
2025/04/28 18:23:05 [notice] 1#1: start worker process 42
2025/04/28 18:23:05 [notice] 1#1: start worker process 43
2025/04/28 18:23:05 [notice] 1#1: start worker process 44
2025/04/28 18:23:05 [notice] 1#1: start worker process 45
2025/04/28 18:23:35 [notice] 1#1: signal 3 (SIGQUIT) received, shutting down
2025/04/28 18:23:35 [notice] 38#38: gracefully shutting down
2025/04/28 18:23:35 [notice] 40#40: gracefully shutting down
2025/04/28 18:23:35 [notice] 40#40: exiting
2025/04/28 18:23:35 [notice] 41#41: gracefully shutting down
2025/04/28 18:23:35 [notice] 43#43: gracefully shutting down
2025/04/28 18:23:35 [notice] 44#44: gracefully shutting down
2025/04/28 18:23:35 [notice] 39#39: gracefully shutting down
2025/04/28 18:23:35 [notice] 45#45: gracefully shutting down
2025/04/28 18:23:35 [notice] 42#42: gracefully shutting down
2025/04/28 18:23:35 [notice] 38#38: exiting
2025/04/28 18:23:35 [notice] 40#40: exit
2025/04/28 18:23:35 [notice] 41#41: exiting
2025/04/28 18:23:35 [notice] 43#43: exiting
2025/04/28 18:23:35 [notice] 44#44: exiting
2025/04/28 18:23:35 [notice] 39#39: exiting
2025/04/28 18:23:35 [notice] 45#45: exiting
2025/04/28 18:23:35 [notice] 42#42: exiting
2025/04/28 18:23:35 [notice] 38#38: exit
2025/04/28 18:23:35 [notice] 41#41: exit
2025/04/28 18:23:35 [notice] 43#43: exit
2025/04/28 18:23:35 [notice] 44#44: exit
2025/04/28 18:23:35 [notice] 39#39: exit
2025/04/28 18:23:35 [notice] 45#45: exit
2025/04/28 18:23:35 [notice] 42#42: exit
2025/04/28 18:23:35 [notice] 1#1: signal 17 (SIGCHLD) received from 42
2025/04/28 18:23:35 [notice] 1#1: worker process 42 exited with code 0
2025/04/28 18:23:35 [notice] 1#1: signal 29 (SIGIO) received
2025/04/28 18:23:35 [notice] 1#1: signal 17 (SIGCHLD) received from 38
2025/04/28 18:23:35 [notice] 1#1: worker process 38 exited with code 0
2025/04/28 18:23:35 [notice] 1#1: worker process 43 exited with code 0
2025/04/28 18:23:35 [notice] 1#1: worker process 44 exited with code 0
2025/04/28 18:23:35 [notice] 1#1: worker process 45 exited with code 0
2025/04/28 18:23:35 [notice] 1#1: signal 29 (SIGIO) received
2025/04/28 18:23:35 [notice] 1#1: signal 17 (SIGCHLD) received from 43
2025/04/28 18:23:35 [notice] 1#1: signal 17 (SIGCHLD) received from 40
2025/04/28 18:23:35 [notice] 1#1: worker process 39 exited with code 0
2025/04/28 18:23:35 [notice] 1#1: worker process 40 exited with code 0
2025/04/28 18:23:35 [notice] 1#1: worker process 41 exited with code 0
2025/04/28 18:23:35 [notice] 1#1: exit
2025/04/28 18:24:53 [notice] 1#1: using the "epoll" event method
2025/04/28 18:24:53 [notice] 1#1: nginx/1.27.5
2025/04/28 18:24:53 [notice] 1#1: built by gcc 12.2.0 (Debian 12.2.0-14) 
2025/04/28 18:24:53 [notice] 1#1: OS: Linux 5.15.167.4-microsoft-standard-WSL2
2025/04/28 18:24:53 [notice] 1#1: getrlimit(RLIMIT_NOFILE): 1048576:1048576
2025/04/28 18:24:53 [notice] 1#1: start worker processes
2025/04/28 18:24:53 [notice] 1#1: start worker process 38
2025/04/28 18:24:53 [notice] 1#1: start worker process 39
2025/04/28 18:24:53 [notice] 1#1: start worker process 40
2025/04/28 18:24:53 [notice] 1#1: start worker process 41
2025/04/28 18:24:53 [notice] 1#1: start worker process 42
2025/04/28 18:24:53 [notice] 1#1: start worker process 43
2025/04/28 18:24:53 [notice] 1#1: start worker process 44
2025/04/28 18:24:53 [notice] 1#1: start worker process 45
2025/04/28 18:31:50 [notice] 1#1: signal 3 (SIGQUIT) received, shutting down
2025/04/28 18:31:50 [notice] 38#38: gracefully shutting down
2025/04/28 18:31:50 [notice] 40#40: gracefully shutting down
2025/04/28 18:31:50 [notice] 39#39: gracefully shutting down
2025/04/28 18:31:50 [notice] 41#41: gracefully shutting down
2025/04/28 18:31:50 [notice] 42#42: gracefully shutting down
2025/04/28 18:31:50 [notice] 43#43: gracefully shutting down
2025/04/28 18:31:50 [notice] 44#44: gracefully shutting down
2025/04/28 18:31:50 [notice] 45#45: gracefully shutting down
2025/04/28 18:31:50 [notice] 38#38: exiting
2025/04/28 18:31:50 [notice] 40#40: exiting
2025/04/28 18:31:50 [notice] 39#39: exiting
2025/04/28 18:31:50 [notice] 40#40: exit
2025/04/28 18:31:50 [notice] 41#41: exiting
2025/04/28 18:31:50 [notice] 42#42: exiting
2025/04/28 18:31:50 [notice] 41#41: exit
2025/04/28 18:31:50 [notice] 43#43: exiting
2025/04/28 18:31:50 [notice] 43#43: exit
2025/04/28 18:31:50 [notice] 44#44: exiting
2025/04/28 18:31:50 [notice] 45#45: exiting
2025/04/28 18:31:50 [notice] 38#38: exit
2025/04/28 18:31:50 [notice] 39#39: exit
2025/04/28 18:31:50 [notice] 42#42: exit
2025/04/28 18:31:50 [notice] 44#44: exit
2025/04/28 18:31:50 [notice] 45#45: exit
2025/04/28 18:31:50 [notice] 1#1: signal 17 (SIGCHLD) received from 43
2025/04/28 18:31:50 [notice] 1#1: worker process 43 exited with code 0
2025/04/28 18:31:50 [notice] 1#1: signal 29 (SIGIO) received
2025/04/28 18:31:50 [notice] 1#1: signal 17 (SIGCHLD) received from 40
2025/04/28 18:31:50 [notice] 1#1: worker process 38 exited with code 0
2025/04/28 18:31:50 [notice] 1#1: worker process 40 exited with code 0
2025/04/28 18:31:50 [notice] 1#1: worker process 42 exited with code 0
2025/04/28 18:31:50 [notice] 1#1: signal 29 (SIGIO) received
2025/04/28 18:31:50 [notice] 1#1: signal 17 (SIGCHLD) received from 45
2025/04/28 18:31:50 [notice] 1#1: worker process 45 exited with code 0
2025/04/28 18:31:50 [notice] 1#1: signal 29 (SIGIO) received
2025/04/28 18:31:50 [notice] 1#1: signal 17 (SIGCHLD) received from 41
2025/04/28 18:31:50 [notice] 1#1: worker process 41 exited with code 0
2025/04/28 18:31:50 [notice] 1#1: signal 29 (SIGIO) received
2025/04/28 18:31:50 [notice] 1#1: signal 17 (SIGCHLD) received from 44
2025/04/28 18:31:50 [notice] 1#1: worker process 39 exited with code 0
2025/04/28 18:31:50 [notice] 1#1: worker process 44 exited with code 0
2025/04/28 18:31:50 [notice] 1#1: exit
2025/04/28 18:32:21 [notice] 1#1: using the "epoll" event method
2025/04/28 18:32:21 [notice] 1#1: nginx/1.27.5
2025/04/28 18:32:21 [notice] 1#1: built by gcc 12.2.0 (Debian 12.2.0-14) 
2025/04/28 18:32:21 [notice] 1#1: OS: Linux 5.15.167.4-microsoft-standard-WSL2
2025/04/28 18:32:21 [notice] 1#1: getrlimit(RLIMIT_NOFILE): 1048576:1048576
2025/04/28 18:32:21 [notice] 1#1: start worker processes
2025/04/28 18:32:21 [notice] 1#1: start worker process 38
2025/04/28 18:32:21 [notice] 1#1: start worker process 39
2025/04/28 18:32:21 [notice] 1#1: start worker process 40
2025/04/28 18:32:21 [notice] 1#1: start worker process 41
2025/04/28 18:32:21 [notice] 1#1: start worker process 42
2025/04/28 18:32:21 [notice] 1#1: start worker process 43
2025/04/28 18:32:21 [notice] 1#1: start worker process 44
2025/04/28 18:32:21 [notice] 1#1: start worker process 45
2025/04/28 18:34:53 [notice] 1#1: signal 3 (SIGQUIT) received, shutting down
2025/04/28 18:34:53 [notice] 38#38: gracefully shutting down
2025/04/28 18:34:53 [notice] 39#39: gracefully shutting down
2025/04/28 18:34:53 [notice] 40#40: gracefully shutting down
2025/04/28 18:34:53 [notice] 41#41: gracefully shutting down
2025/04/28 18:34:53 [notice] 42#42: gracefully shutting down
2025/04/28 18:34:53 [notice] 43#43: gracefully shutting down
2025/04/28 18:34:53 [notice] 44#44: gracefully shutting down
2025/04/28 18:34:53 [notice] 45#45: gracefully shutting down
2025/04/28 18:34:53 [notice] 38#38: exiting
2025/04/28 18:34:53 [notice] 39#39: exiting
2025/04/28 18:34:53 [notice] 40#40: exiting
2025/04/28 18:34:53 [notice] 41#41: exiting
2025/04/28 18:34:53 [notice] 42#42: exiting
2025/04/28 18:34:53 [notice] 43#43: exiting
2025/04/28 18:34:53 [notice] 44#44: exiting
2025/04/28 18:34:53 [notice] 45#45: exiting
2025/04/28 18:34:53 [notice] 38#38: exit
2025/04/28 18:34:53 [notice] 39#39: exit
2025/04/28 18:34:53 [notice] 40#40: exit
2025/04/28 18:34:53 [notice] 41#41: exit
2025/04/28 18:34:53 [notice] 42#42: exit
2025/04/28 18:34:53 [notice] 43#43: exit
2025/04/28 18:34:53 [notice] 44#44: exit
2025/04/28 18:34:53 [notice] 45#45: exit
2025/04/28 18:34:53 [notice] 1#1: signal 17 (SIGCHLD) received from 45
2025/04/28 18:34:53 [notice] 1#1: worker process 45 exited with code 0
2025/04/28 18:34:53 [notice] 1#1: signal 29 (SIGIO) received
2025/04/28 18:34:53 [notice] 1#1: signal 17 (SIGCHLD) received from 42
2025/04/28 18:34:53 [notice] 1#1: worker process 38 exited with code 0
2025/04/28 18:34:53 [notice] 1#1: worker process 42 exited with code 0
2025/04/28 18:34:53 [notice] 1#1: worker process 43 exited with code 0
2025/04/28 18:34:53 [notice] 1#1: signal 29 (SIGIO) received
2025/04/28 18:34:53 [notice] 1#1: signal 17 (SIGCHLD) received from 38
2025/04/28 18:34:53 [notice] 1#1: signal 17 (SIGCHLD) received from 41
2025/04/28 18:34:53 [notice] 1#1: worker process 41 exited with code 0
2025/04/28 18:34:53 [notice] 1#1: worker process 44 exited with code 0
2025/04/28 18:34:53 [notice] 1#1: signal 29 (SIGIO) received
2025/04/28 18:34:53 [notice] 1#1: signal 17 (SIGCHLD) received from 39
2025/04/28 18:34:53 [notice] 1#1: worker process 39 exited with code 0
2025/04/28 18:34:53 [notice] 1#1: worker process 40 exited with code 0
2025/04/28 18:34:53 [notice] 1#1: exit
2025/04/28 18:35:18 [notice] 1#1: using the "epoll" event method
2025/04/28 18:35:18 [notice] 1#1: nginx/1.27.5
2025/04/28 18:35:18 [notice] 1#1: built by gcc 12.2.0 (Debian 12.2.0-14) 
2025/04/28 18:35:18 [notice] 1#1: OS: Linux 5.15.167.4-microsoft-standard-WSL2
2025/04/28 18:35:18 [notice] 1#1: getrlimit(RLIMIT_NOFILE): 1048576:1048576
2025/04/28 18:35:18 [notice] 1#1: start worker processes
2025/04/28 18:35:18 [notice] 1#1: start worker process 35
2025/04/28 18:35:18 [notice] 1#1: start worker process 36
2025/04/28 18:35:18 [notice] 1#1: start worker process 37
2025/04/28 18:35:18 [notice] 1#1: start worker process 38
2025/04/28 18:35:18 [notice] 1#1: start worker process 39
2025/04/28 18:35:18 [notice] 1#1: start worker process 40
2025/04/28 18:35:18 [notice] 1#1: start worker process 41
2025/04/28 18:35:18 [notice] 1#1: start worker process 42
2025/04/28 18:42:02 [notice] 1#1: signal 3 (SIGQUIT) received, shutting down
2025/04/28 18:42:02 [notice] 36#36: gracefully shutting down
2025/04/28 18:42:02 [notice] 35#35: gracefully shutting down
2025/04/28 18:42:02 [notice] 37#37: gracefully shutting down
2025/04/28 18:42:02 [notice] 38#38: gracefully shutting down
2025/04/28 18:42:02 [notice] 41#41: gracefully shutting down
2025/04/28 18:42:02 [notice] 38#38: exiting
2025/04/28 18:42:02 [notice] 40#40: gracefully shutting down
2025/04/28 18:42:02 [notice] 42#42: gracefully shutting down
2025/04/28 18:42:02 [notice] 39#39: gracefully shutting down
2025/04/28 18:42:02 [notice] 36#36: exiting
2025/04/28 18:42:02 [notice] 35#35: exiting
2025/04/28 18:42:02 [notice] 37#37: exiting
2025/04/28 18:42:02 [notice] 41#41: exiting
2025/04/28 18:42:02 [notice] 38#38: exit
2025/04/28 18:42:02 [notice] 40#40: exiting
2025/04/28 18:42:02 [notice] 42#42: exiting
2025/04/28 18:42:02 [notice] 39#39: exiting
2025/04/28 18:42:02 [notice] 36#36: exit
2025/04/28 18:42:02 [notice] 35#35: exit
2025/04/28 18:42:02 [notice] 37#37: exit
2025/04/28 18:42:02 [notice] 41#41: exit
2025/04/28 18:42:02 [notice] 40#40: exit
2025/04/28 18:42:02 [notice] 42#42: exit
2025/04/28 18:42:02 [notice] 39#39: exit
2025/04/28 18:42:02 [notice] 1#1: signal 17 (SIGCHLD) received from 37
2025/04/28 18:42:02 [notice] 1#1: worker process 37 exited with code 0
2025/04/28 18:42:02 [notice] 1#1: signal 29 (SIGIO) received
2025/04/28 18:42:02 [notice] 1#1: signal 17 (SIGCHLD) received from 39
2025/04/28 18:42:02 [notice] 1#1: worker process 36 exited with code 0
2025/04/28 18:42:02 [notice] 1#1: worker process 39 exited with code 0
2025/04/28 18:42:02 [notice] 1#1: signal 29 (SIGIO) received
2025/04/28 18:42:02 [notice] 1#1: signal 17 (SIGCHLD) received from 41
2025/04/28 18:42:02 [notice] 1#1: worker process 35 exited with code 0
2025/04/28 18:42:02 [notice] 1#1: worker process 38 exited with code 0
2025/04/28 18:42:02 [notice] 1#1: worker process 41 exited with code 0
2025/04/28 18:42:02 [notice] 1#1: signal 29 (SIGIO) received
2025/04/28 18:42:02 [notice] 1#1: signal 17 (SIGCHLD) received from 40
2025/04/28 18:42:02 [notice] 1#1: worker process 40 exited with code 0
2025/04/28 18:42:02 [notice] 1#1: worker process 42 exited with code 0
2025/04/28 18:42:02 [notice] 1#1: exit
